[
  {
    "comments": [
      {
        "line": 1,
        "value": "#Author: rabin@transfotechacademy.io"
      },
      {
        "line": 2,
        "value": "#Keywords Summary :"
      },
      {
        "line": 3,
        "value": "#Feature: List of scenarios."
      },
      {
        "line": 4,
        "value": "#Scenario: Business rule through list of steps with arguments."
      },
      {
        "line": 5,
        "value": "#Given: Some precondition step"
      },
      {
        "line": 6,
        "value": "#When: Some key actions"
      },
      {
        "line": 7,
        "value": "#Then: To observe outcomes or validation"
      },
      {
        "line": 8,
        "value": "#And,But: To enumerate more Given,When,Then steps"
      },
      {
        "line": 9,
        "value": "#Scenario Outline: List of steps for data-driven as an Examples and \u003cplaceholder\u003e"
      },
      {
        "line": 10,
        "value": "#Examples: Container for s table"
      },
      {
        "line": 11,
        "value": "#Background: List of steps run before each of the scenarios"
      },
      {
        "line": 12,
        "value": "#\"\"\" (Doc Strings)"
      },
      {
        "line": 13,
        "value": "#| (Data Tables)"
      },
      {
        "line": 14,
        "value": "#@ (Tags/Labels):To group Scenarios"
      },
      {
        "line": 15,
        "value": "#\u003c\u003e (placeholder)"
      },
      {
        "line": 16,
        "value": "#\"\""
      },
      {
        "line": 17,
        "value": "## (Comments)"
      },
      {
        "line": 18,
        "value": "#Sample Feature Definition Template"
      }
    ],
    "line": 20,
    "elements": [
      {
        "before": [
          {
            "result": {
              "duration": 17886184100,
              "status": "passed"
            },
            "match": {
              "location": "HomePageTest.setUp()"
            }
          }
        ],
        "line": 23,
        "name": "Login Button in Homepage should be clickable",
        "description": "",
        "id": "log-in-button-must-be-visible-\u0026-functional-in-homepage;login-button-in-homepage-should-be-clickable",
        "after": [
          {
            "result": {
              "duration": 1026542300,
              "status": "passed"
            },
            "match": {
              "location": "HomePageTest.tearDown()"
            }
          }
        ],
        "type": "scenario",
        "keyword": "Scenario",
        "steps": [
          {
            "result": {
              "duration": 246051200,
              "status": "passed"
            },
            "line": 24,
            "name": "user enters url",
            "match": {
              "location": "HomePageTest.user_enters_url()"
            },
            "keyword": "Given "
          },
          {
            "result": {
              "duration": 6748974500,
              "status": "passed"
            },
            "line": 25,
            "name": "user clicks login button",
            "match": {
              "location": "HomePageTest.user_clicks_login_button()"
            },
            "keyword": "When "
          },
          {
            "result": {
              "duration": 43059000,
              "status": "passed"
            },
            "line": 26,
            "name": "user should land in login page",
            "match": {
              "location": "HomePageTest.user_should_land_in_login_page()"
            },
            "keyword": "Then "
          }
        ],
        "tags": [
          {
            "line": 22,
            "name": "@tag1"
          }
        ]
      },
      {
        "before": [
          {
            "result": {
              "duration": 8858265100,
              "status": "passed"
            },
            "match": {
              "location": "HomePageTest.setUp()"
            }
          }
        ],
        "line": 28,
        "name": "Login Button in Homepage should be visible",
        "description": "",
        "id": "log-in-button-must-be-visible-\u0026-functional-in-homepage;login-button-in-homepage-should-be-visible",
        "after": [
          {
            "result": {
              "duration": 1232391500,
              "status": "passed"
            },
            "match": {
              "location": "HomePageTest.tearDown()"
            }
          }
        ],
        "type": "scenario",
        "keyword": "Scenario",
        "steps": [
          {
            "result": {
              "duration": 144942900,
              "error_message": "org.openqa.selenium.NoSuchWindowException: no such window: target window already closed\nfrom unknown error: web view not found\n  (Session info: chrome\u003d81.0.4044.138)\nBuild info: version: \u00273.11.0\u0027, revision: \u0027e59cfb3\u0027, time: \u00272018-03-11T20:26:55.152Z\u0027\nSystem info: host: \u0027USER\u0027, ip: \u0027192.168.0.102\u0027, os.name: \u0027Windows 10\u0027, os.arch: \u0027amd64\u0027, os.version: \u002710.0\u0027, java.version: \u00271.8.0_211\u0027\nDriver info: org.openqa.selenium.chrome.ChromeDriver\nCapabilities {acceptInsecureCerts: false, browserName: chrome, browserVersion: 81.0.4044.138, chrome: {chromedriverVersion: 81.0.4044.69 (6813546031a4b..., userDataDir: C:\\Users\\User\\AppData\\Local...}, goog:chromeOptions: {debuggerAddress: localhost:60150}, javascriptEnabled: true, networkConnectionEnabled: false, pageLoadStrategy: normal, platform: WINDOWS, platformName: WINDOWS, proxy: Proxy(), setWindowRect: true, strictFileInteractability: false, timeouts: {implicit: 0, pageLoad: 300000, script: 30000}, unhandledPromptBehavior: dismiss and notify, webauthn:virtualAuthenticators: true}\nSession ID: 34cfc4154d4e3931ebc5d6661af6a41d\r\n\tat sun.reflect.NativeConstructorAccessorImpl.newInstance0(Native Method)\r\n\tat sun.reflect.NativeConstructorAccessorImpl.newInstance(NativeConstructorAccessorImpl.java:62)\r\n\tat sun.reflect.DelegatingConstructorAccessorImpl.newInstance(DelegatingConstructorAccessorImpl.java:45)\r\n\tat java.lang.reflect.Constructor.newInstance(Constructor.java:423)\r\n\tat org.openqa.selenium.remote.http.W3CHttpResponseCodec.createException(W3CHttpResponseCodec.java:187)\r\n\tat org.openqa.selenium.remote.http.W3CHttpResponseCodec.decode(W3CHttpResponseCodec.java:122)\r\n\tat org.openqa.selenium.remote.http.W3CHttpResponseCodec.decode(W3CHttpResponseCodec.java:49)\r\n\tat org.openqa.selenium.remote.HttpCommandExecutor.execute(HttpCommandExecutor.java:158)\r\n\tat org.openqa.selenium.remote.service.DriverCommandExecutor.execute(DriverCommandExecutor.java:83)\r\n\tat org.openqa.selenium.remote.RemoteWebDriver.execute(RemoteWebDriver.java:545)\r\n\tat org.openqa.selenium.remote.RemoteWebDriver.execute(RemoteWebDriver.java:602)\r\n\tat org.openqa.selenium.remote.RemoteWebDriver.getTitle(RemoteWebDriver.java:277)\r\n\tat com.qa.pages.HomePage.HomePageTitle(HomePage.java:19)\r\n\tat com.qa.test.HomePageTest.user_enters_url(HomePageTest.java:35)\r\n\tat âœ½.Given user enters url(HomePageTest.feature:29)\r\n",
              "status": "failed"
            },
            "line": 29,
            "name": "user enters url",
            "match": {
              "location": "HomePageTest.user_enters_url()"
            },
            "keyword": "Given "
          },
          {
            "result": {
              "status": "skipped"
            },
            "line": 30,
            "name": "user should be able to see login button",
            "match": {
              "location": "HomePageTest.user_should_be_able_to_see_login_button()"
            },
            "keyword": "Then "
          }
        ]
      },
      {
        "before": [
          {
            "result": {
              "duration": 9293238600,
              "status": "passed"
            },
            "match": {
              "location": "HomePageTest.setUp()"
            }
          }
        ],
        "line": 32,
        "name": "Positive login test",
        "description": "",
        "id": "log-in-button-must-be-visible-\u0026-functional-in-homepage;positive-login-test",
        "after": [
          {
            "result": {
              "duration": 1182978900,
              "status": "passed"
            },
            "match": {
              "location": "HomePageTest.tearDown()"
            }
          }
        ],
        "type": "scenario",
        "keyword": "Scenario",
        "steps": [
          {
            "result": {
              "duration": 50141700,
              "status": "passed"
            },
            "line": 33,
            "name": "user enters url",
            "match": {
              "location": "HomePageTest.user_enters_url()"
            },
            "keyword": "Given "
          },
          {
            "result": {
              "duration": 917964900,
              "status": "passed"
            },
            "line": 34,
            "name": "user clicks login button1",
            "match": {
              "location": "HomePageTest.user_clicks_login_button1()"
            },
            "keyword": "And "
          },
          {
            "result": {
              "duration": 777825400,
              "status": "passed"
            },
            "line": 35,
            "name": "user enter valid email address and valid password",
            "match": {
              "location": "HomePageTest.user_enter_valid_email_address_and_valid_password()"
            },
            "keyword": "When "
          },
          {
            "result": {
              "duration": 1123914700,
              "status": "passed"
            },
            "line": 36,
            "name": "user clicks Signin button",
            "match": {
              "location": "HomePageTest.user_clicks_Signin_button()"
            },
            "keyword": "And "
          },
          {
            "result": {
              "duration": 11819700,
              "status": "passed"
            },
            "line": 37,
            "name": "user should land in account page",
            "match": {
              "location": "HomePageTest.user_should_land_in_account_page()"
            },
            "keyword": "Then "
          }
        ]
      },
      {
        "before": [
          {
            "result": {
              "duration": 9236858000,
              "status": "passed"
            },
            "match": {
              "location": "HomePageTest.setUp()"
            }
          }
        ],
        "line": 39,
        "name": "Negative login test (valid email address \u0026 invalid password)",
        "description": "",
        "id": "log-in-button-must-be-visible-\u0026-functional-in-homepage;negative-login-test-(valid-email-address-\u0026-invalid-password)",
        "after": [
          {
            "result": {
              "duration": 763073300,
              "status": "passed"
            },
            "match": {
              "location": "HomePageTest.tearDown()"
            }
          }
        ],
        "type": "scenario",
        "keyword": "Scenario",
        "steps": [
          {
            "result": {
              "duration": 45561100,
              "status": "passed"
            },
            "line": 40,
            "name": "user enters url",
            "match": {
              "location": "HomePageTest.user_enters_url()"
            },
            "keyword": "Given "
          },
          {
            "result": {
              "duration": 894480700,
              "status": "passed"
            },
            "line": 41,
            "name": "user clicks login button1",
            "match": {
              "location": "HomePageTest.user_clicks_login_button1()"
            },
            "keyword": "And "
          },
          {
            "result": {
              "duration": 1065296300,
              "status": "passed"
            },
            "line": 42,
            "name": "user enter valid email address and invalid password",
            "match": {
              "location": "HomePageTest.user_enter_valid_email_address_and_invalid_password()"
            },
            "keyword": "When "
          },
          {
            "result": {
              "duration": 1032087000,
              "status": "passed"
            },
            "line": 43,
            "name": "user clicks Signin button",
            "match": {
              "location": "HomePageTest.user_clicks_Signin_button()"
            },
            "keyword": "And "
          },
          {
            "result": {
              "duration": 47124900,
              "status": "passed"
            },
            "line": 44,
            "name": "user should not be allowed to login with invalid password",
            "match": {
              "location": "HomePageTest.user_should_not_be_allowed_to_login_with_invalid_password()"
            },
            "keyword": "Then "
          }
        ]
      },
      {
        "before": [
          {
            "result": {
              "duration": 8670619300,
              "status": "passed"
            },
            "match": {
              "location": "HomePageTest.setUp()"
            }
          }
        ],
        "line": 46,
        "name": "Negative login test (invalid email address \u0026 invalid password)",
        "description": "",
        "id": "log-in-button-must-be-visible-\u0026-functional-in-homepage;negative-login-test-(invalid-email-address-\u0026-invalid-password)",
        "after": [
          {
            "result": {
              "duration": 731716400,
              "status": "passed"
            },
            "match": {
              "location": "HomePageTest.tearDown()"
            }
          }
        ],
        "type": "scenario",
        "keyword": "Scenario",
        "steps": [
          {
            "result": {
              "duration": 57161200,
              "status": "passed"
            },
            "line": 47,
            "name": "user enters url",
            "match": {
              "location": "HomePageTest.user_enters_url()"
            },
            "keyword": "Given "
          },
          {
            "result": {
              "duration": 904072800,
              "status": "passed"
            },
            "line": 48,
            "name": "user clicks login button1",
            "match": {
              "location": "HomePageTest.user_clicks_login_button1()"
            },
            "keyword": "And "
          },
          {
            "result": {
              "duration": 769201200,
              "status": "passed"
            },
            "line": 49,
            "name": "user enter invalid email address and invalid password",
            "match": {
              "location": "HomePageTest.user_enter_invalid_email_address_and_invalid_password()"
            },
            "keyword": "When "
          },
          {
            "result": {
              "duration": 734151800,
              "status": "passed"
            },
            "line": 50,
            "name": "user clicks Signin button",
            "match": {
              "location": "HomePageTest.user_clicks_Signin_button()"
            },
            "keyword": "And "
          },
          {
            "result": {
              "duration": 42433800,
              "status": "passed"
            },
            "line": 51,
            "name": "user should not be allowed to login with invalid email address and invalid password",
            "match": {
              "location": "HomePageTest.user_should_not_be_allowed_to_login_with_invalid_email_address_and_invalid_password()"
            },
            "keyword": "Then "
          }
        ]
      },
      {
        "before": [
          {
            "result": {
              "duration": 9578521600,
              "status": "passed"
            },
            "match": {
              "location": "HomePageTest.setUp()"
            }
          }
        ],
        "line": 53,
        "name": "Negative login test with no email address but with valid password",
        "description": "",
        "id": "log-in-button-must-be-visible-\u0026-functional-in-homepage;negative-login-test-with-no-email-address-but-with-valid-password",
        "after": [
          {
            "result": {
              "duration": 717603700,
              "status": "passed"
            },
            "match": {
              "location": "HomePageTest.tearDown()"
            }
          }
        ],
        "type": "scenario",
        "keyword": "Scenario",
        "steps": [
          {
            "result": {
              "duration": 55501600,
              "status": "passed"
            },
            "line": 54,
            "name": "user enters url",
            "match": {
              "location": "HomePageTest.user_enters_url()"
            },
            "keyword": "Given "
          },
          {
            "result": {
              "duration": 892944800,
              "status": "passed"
            },
            "line": 55,
            "name": "user clicks login button1",
            "match": {
              "location": "HomePageTest.user_clicks_login_button1()"
            },
            "keyword": "And "
          },
          {
            "result": {
              "duration": 413813900,
              "status": "passed"
            },
            "line": 56,
            "name": "user leaves email address blank and enters valid password",
            "match": {
              "location": "HomePageTest.user_leaves_email_address_blank_and_enters_valid_password()"
            },
            "keyword": "When "
          },
          {
            "result": {
              "duration": 1496620500,
              "status": "passed"
            },
            "line": 57,
            "name": "user clicks Signin button",
            "match": {
              "location": "HomePageTest.user_clicks_Signin_button()"
            },
            "keyword": "And "
          },
          {
            "result": {
              "duration": 51122300,
              "status": "passed"
            },
            "line": 58,
            "name": "user should not be allowed to login with no email address and valid password",
            "match": {
              "location": "HomePageTest.user_should_not_be_allowed_to_login_with_no_email_address_and_valid_password()"
            },
            "keyword": "Then "
          }
        ]
      },
      {
        "before": [
          {
            "result": {
              "duration": 35925308100,
              "error_message": "org.openqa.selenium.WebDriverException: chrome not reachable\n  (Session info: chrome\u003d81.0.4044.138)\nBuild info: version: \u00273.11.0\u0027, revision: \u0027e59cfb3\u0027, time: \u00272018-03-11T20:26:55.152Z\u0027\nSystem info: host: \u0027USER\u0027, ip: \u0027192.168.0.102\u0027, os.name: \u0027Windows 10\u0027, os.arch: \u0027amd64\u0027, os.version: \u002710.0\u0027, java.version: \u00271.8.0_211\u0027\nDriver info: org.openqa.selenium.chrome.ChromeDriver\nCapabilities {acceptInsecureCerts: false, browserName: chrome, browserVersion: 81.0.4044.138, chrome: {chromedriverVersion: 81.0.4044.69 (6813546031a4b..., userDataDir: C:\\Users\\User\\AppData\\Local...}, goog:chromeOptions: {debuggerAddress: localhost:60312}, javascriptEnabled: true, networkConnectionEnabled: false, pageLoadStrategy: normal, platform: WINDOWS, platformName: WINDOWS, proxy: Proxy(), setWindowRect: true, strictFileInteractability: false, timeouts: {implicit: 0, pageLoad: 300000, script: 30000}, unhandledPromptBehavior: dismiss and notify, webauthn:virtualAuthenticators: true}\nSession ID: 39ff5729cd1785c28248a96e6d78db8d\r\n\tat sun.reflect.NativeConstructorAccessorImpl.newInstance0(Native Method)\r\n\tat sun.reflect.NativeConstructorAccessorImpl.newInstance(NativeConstructorAccessorImpl.java:62)\r\n\tat sun.reflect.DelegatingConstructorAccessorImpl.newInstance(DelegatingConstructorAccessorImpl.java:45)\r\n\tat java.lang.reflect.Constructor.newInstance(Constructor.java:423)\r\n\tat org.openqa.selenium.remote.http.W3CHttpResponseCodec.createException(W3CHttpResponseCodec.java:187)\r\n\tat org.openqa.selenium.remote.http.W3CHttpResponseCodec.decode(W3CHttpResponseCodec.java:122)\r\n\tat org.openqa.selenium.remote.http.W3CHttpResponseCodec.decode(W3CHttpResponseCodec.java:49)\r\n\tat org.openqa.selenium.remote.HttpCommandExecutor.execute(HttpCommandExecutor.java:158)\r\n\tat org.openqa.selenium.remote.service.DriverCommandExecutor.execute(DriverCommandExecutor.java:83)\r\n\tat org.openqa.selenium.remote.RemoteWebDriver.execute(RemoteWebDriver.java:545)\r\n\tat org.openqa.selenium.remote.RemoteWebDriver.execute(RemoteWebDriver.java:602)\r\n\tat org.openqa.selenium.remote.RemoteWebDriver$RemoteWebDriverOptions.deleteAllCookies(RemoteWebDriver.java:687)\r\n\tat com.qa.base.TestBase.initialization(TestBase.java:60)\r\n\tat com.qa.test.HomePageTest.setUp(HomePageTest.java:27)\r\n\tat sun.reflect.NativeMethodAccessorImpl.invoke0(Native Method)\r\n\tat sun.reflect.NativeMethodAccessorImpl.invoke(NativeMethodAccessorImpl.java:62)\r\n\tat sun.reflect.DelegatingMethodAccessorImpl.invoke(DelegatingMethodAccessorImpl.java:43)\r\n\tat java.lang.reflect.Method.invoke(Method.java:498)\r\n\tat cucumber.runtime.Utils$1.call(Utils.java:37)\r\n\tat cucumber.runtime.Timeout.timeout(Timeout.java:13)\r\n\tat cucumber.runtime.Utils.invoke(Utils.java:31)\r\n\tat cucumber.runtime.java.JavaHookDefinition.execute(JavaHookDefinition.java:60)\r\n\tat cucumber.runtime.Runtime.runHookIfTagsMatch(Runtime.java:223)\r\n\tat cucumber.runtime.Runtime.runHooks(Runtime.java:211)\r\n\tat cucumber.runtime.Runtime.runBeforeHooks(Runtime.java:201)\r\n\tat cucumber.runtime.model.CucumberScenario.run(CucumberScenario.java:40)\r\n\tat cucumber.runtime.junit.ExecutionUnitRunner.run(ExecutionUnitRunner.java:91)\r\n\tat cucumber.runtime.junit.FeatureRunner.runChild(FeatureRunner.java:63)\r\n\tat cucumber.runtime.junit.FeatureRunner.runChild(FeatureRunner.java:18)\r\n\tat org.junit.runners.ParentRunner$3.run(ParentRunner.java:238)\r\n\tat org.junit.runners.ParentRunner$1.schedule(ParentRunner.java:63)\r\n\tat org.junit.runners.ParentRunner.runChildren(ParentRunner.java:236)\r\n\tat org.junit.runners.ParentRunner.access$000(ParentRunner.java:53)\r\n\tat org.junit.runners.ParentRunner$2.evaluate(ParentRunner.java:229)\r\n\tat org.junit.runners.ParentRunner.run(ParentRunner.java:309)\r\n\tat cucumber.runtime.junit.FeatureRunner.run(FeatureRunner.java:70)\r\n\tat cucumber.api.junit.Cucumber.runChild(Cucumber.java:93)\r\n\tat cucumber.api.junit.Cucumber.runChild(Cucumber.java:37)\r\n\tat org.junit.runners.ParentRunner$3.run(ParentRunner.java:238)\r\n\tat org.junit.runners.ParentRunner$1.schedule(ParentRunner.java:63)\r\n\tat org.junit.runners.ParentRunner.runChildren(ParentRunner.java:236)\r\n\tat org.junit.runners.ParentRunner.access$000(ParentRunner.java:53)\r\n\tat org.junit.runners.ParentRunner$2.evaluate(ParentRunner.java:229)\r\n\tat org.junit.runners.ParentRunner.run(ParentRunner.java:309)\r\n\tat cucumber.api.junit.Cucumber.run(Cucumber.java:98)\r\n\tat org.junit.runner.JUnitCore.run(JUnitCore.java:160)\r\n\tat org.junit.runner.JUnitCore.run(JUnitCore.java:138)\r\n\tat org.testng.junit.JUnit4TestRunner.start(JUnit4TestRunner.java:82)\r\n\tat org.testng.junit.JUnit4TestRunner.run(JUnit4TestRunner.java:70)\r\n\tat org.testng.TestRunner$1.run(TestRunner.java:570)\r\n\tat org.testng.TestRunner.runJUnitWorkers(TestRunner.java:717)\r\n\tat org.testng.TestRunner.privateRunJUnit(TestRunner.java:601)\r\n\tat org.testng.TestRunner.run(TestRunner.java:502)\r\n\tat org.testng.SuiteRunner.runTest(SuiteRunner.java:455)\r\n\tat org.testng.SuiteRunner.runSequentially(SuiteRunner.java:450)\r\n\tat org.testng.SuiteRunner.privateRun(SuiteRunner.java:415)\r\n\tat org.testng.SuiteRunner.run(SuiteRunner.java:364)\r\n\tat org.testng.SuiteRunnerWorker.runSuite(SuiteRunnerWorker.java:52)\r\n\tat org.testng.SuiteRunnerWorker.run(SuiteRunnerWorker.java:84)\r\n\tat org.testng.TestNG.runSuitesSequentially(TestNG.java:1208)\r\n\tat org.testng.TestNG.runSuitesLocally(TestNG.java:1137)\r\n\tat org.testng.TestNG.runSuites(TestNG.java:1049)\r\n\tat org.testng.TestNG.run(TestNG.java:1017)\r\n\tat org.apache.maven.surefire.testng.TestNGExecutor.run(TestNGExecutor.java:115)\r\n\tat org.apache.maven.surefire.testng.TestNGDirectoryTestSuite.executeSingleClass(TestNGDirectoryTestSuite.java:129)\r\n\tat org.apache.maven.surefire.testng.TestNGDirectoryTestSuite.execute(TestNGDirectoryTestSuite.java:113)\r\n\tat org.apache.maven.surefire.testng.TestNGProvider.invoke(TestNGProvider.java:111)\r\n\tat org.apache.maven.surefire.booter.ForkedBooter.invokeProviderInSameClassLoader(ForkedBooter.java:203)\r\n\tat org.apache.maven.surefire.booter.ForkedBooter.runSuitesInProcess(ForkedBooter.java:155)\r\n\tat org.apache.maven.surefire.booter.ForkedBooter.main(ForkedBooter.java:103)\r\n",
              "status": "failed"
            },
            "match": {
              "location": "HomePageTest.setUp()"
            }
          }
        ],
        "line": 60,
        "name": "Negative login test with valid email address but no password",
        "description": "",
        "id": "log-in-button-must-be-visible-\u0026-functional-in-homepage;negative-login-test-with-valid-email-address-but-no-password",
        "after": [
          {
            "result": {
              "duration": 595631100,
              "status": "passed"
            },
            "match": {
              "location": "HomePageTest.tearDown()"
            }
          }
        ],
        "type": "scenario",
        "keyword": "Scenario",
        "steps": [
          {
            "result": {
              "status": "skipped"
            },
            "line": 61,
            "name": "user enters url",
            "match": {
              "location": "HomePageTest.user_enters_url()"
            },
            "keyword": "Given "
          },
          {
            "result": {
              "status": "skipped"
            },
            "line": 62,
            "name": "user clicks login button1",
            "match": {
              "location": "HomePageTest.user_clicks_login_button1()"
            },
            "keyword": "And "
          },
          {
            "result": {
              "status": "skipped"
            },
            "line": 63,
            "name": "user enters valid email address and leaves password blank",
            "match": {
              "location": "HomePageTest.user_enters_valid_email_address_and_leaves_password_blank()"
            },
            "keyword": "When "
          },
          {
            "result": {
              "status": "skipped"
            },
            "line": 64,
            "name": "user clicks Signin button",
            "match": {
              "location": "HomePageTest.user_clicks_Signin_button()"
            },
            "keyword": "And "
          },
          {
            "result": {
              "status": "skipped"
            },
            "line": 65,
            "name": "user should not be allowed to login with valid email address and no password",
            "match": {
              "location": "HomePageTest.user_should_not_be_allowed_to_login_with_valid_email_address_and_no_password()"
            },
            "keyword": "Then "
          }
        ]
      },
      {
        "before": [
          {
            "result": {
              "duration": 36090540300,
              "error_message": "org.openqa.selenium.WebDriverException: chrome not reachable\n  (Session info: chrome\u003d81.0.4044.138)\nBuild info: version: \u00273.11.0\u0027, revision: \u0027e59cfb3\u0027, time: \u00272018-03-11T20:26:55.152Z\u0027\nSystem info: host: \u0027USER\u0027, ip: \u0027192.168.0.102\u0027, os.name: \u0027Windows 10\u0027, os.arch: \u0027amd64\u0027, os.version: \u002710.0\u0027, java.version: \u00271.8.0_211\u0027\nDriver info: org.openqa.selenium.chrome.ChromeDriver\nCapabilities {acceptInsecureCerts: false, browserName: chrome, browserVersion: 81.0.4044.138, chrome: {chromedriverVersion: 81.0.4044.69 (6813546031a4b..., userDataDir: C:\\Users\\User\\AppData\\Local...}, goog:chromeOptions: {debuggerAddress: localhost:60355}, javascriptEnabled: true, networkConnectionEnabled: false, pageLoadStrategy: normal, platform: WINDOWS, platformName: WINDOWS, proxy: Proxy(), setWindowRect: true, strictFileInteractability: false, timeouts: {implicit: 0, pageLoad: 300000, script: 30000}, unhandledPromptBehavior: dismiss and notify, webauthn:virtualAuthenticators: true}\nSession ID: bddec8bc2d153a559bc1a168ff6b6674\r\n\tat sun.reflect.NativeConstructorAccessorImpl.newInstance0(Native Method)\r\n\tat sun.reflect.NativeConstructorAccessorImpl.newInstance(NativeConstructorAccessorImpl.java:62)\r\n\tat sun.reflect.DelegatingConstructorAccessorImpl.newInstance(DelegatingConstructorAccessorImpl.java:45)\r\n\tat java.lang.reflect.Constructor.newInstance(Constructor.java:423)\r\n\tat org.openqa.selenium.remote.http.W3CHttpResponseCodec.createException(W3CHttpResponseCodec.java:187)\r\n\tat org.openqa.selenium.remote.http.W3CHttpResponseCodec.decode(W3CHttpResponseCodec.java:122)\r\n\tat org.openqa.selenium.remote.http.W3CHttpResponseCodec.decode(W3CHttpResponseCodec.java:49)\r\n\tat org.openqa.selenium.remote.HttpCommandExecutor.execute(HttpCommandExecutor.java:158)\r\n\tat org.openqa.selenium.remote.service.DriverCommandExecutor.execute(DriverCommandExecutor.java:83)\r\n\tat org.openqa.selenium.remote.RemoteWebDriver.execute(RemoteWebDriver.java:545)\r\n\tat org.openqa.selenium.remote.RemoteWebDriver.execute(RemoteWebDriver.java:602)\r\n\tat org.openqa.selenium.remote.RemoteWebDriver$RemoteWebDriverOptions.deleteAllCookies(RemoteWebDriver.java:687)\r\n\tat com.qa.base.TestBase.initialization(TestBase.java:60)\r\n\tat com.qa.test.HomePageTest.setUp(HomePageTest.java:27)\r\n\tat sun.reflect.NativeMethodAccessorImpl.invoke0(Native Method)\r\n\tat sun.reflect.NativeMethodAccessorImpl.invoke(NativeMethodAccessorImpl.java:62)\r\n\tat sun.reflect.DelegatingMethodAccessorImpl.invoke(DelegatingMethodAccessorImpl.java:43)\r\n\tat java.lang.reflect.Method.invoke(Method.java:498)\r\n\tat cucumber.runtime.Utils$1.call(Utils.java:37)\r\n\tat cucumber.runtime.Timeout.timeout(Timeout.java:13)\r\n\tat cucumber.runtime.Utils.invoke(Utils.java:31)\r\n\tat cucumber.runtime.java.JavaHookDefinition.execute(JavaHookDefinition.java:60)\r\n\tat cucumber.runtime.Runtime.runHookIfTagsMatch(Runtime.java:223)\r\n\tat cucumber.runtime.Runtime.runHooks(Runtime.java:211)\r\n\tat cucumber.runtime.Runtime.runBeforeHooks(Runtime.java:201)\r\n\tat cucumber.runtime.model.CucumberScenario.run(CucumberScenario.java:40)\r\n\tat cucumber.runtime.junit.ExecutionUnitRunner.run(ExecutionUnitRunner.java:91)\r\n\tat cucumber.runtime.junit.FeatureRunner.runChild(FeatureRunner.java:63)\r\n\tat cucumber.runtime.junit.FeatureRunner.runChild(FeatureRunner.java:18)\r\n\tat org.junit.runners.ParentRunner$3.run(ParentRunner.java:238)\r\n\tat org.junit.runners.ParentRunner$1.schedule(ParentRunner.java:63)\r\n\tat org.junit.runners.ParentRunner.runChildren(ParentRunner.java:236)\r\n\tat org.junit.runners.ParentRunner.access$000(ParentRunner.java:53)\r\n\tat org.junit.runners.ParentRunner$2.evaluate(ParentRunner.java:229)\r\n\tat org.junit.runners.ParentRunner.run(ParentRunner.java:309)\r\n\tat cucumber.runtime.junit.FeatureRunner.run(FeatureRunner.java:70)\r\n\tat cucumber.api.junit.Cucumber.runChild(Cucumber.java:93)\r\n\tat cucumber.api.junit.Cucumber.runChild(Cucumber.java:37)\r\n\tat org.junit.runners.ParentRunner$3.run(ParentRunner.java:238)\r\n\tat org.junit.runners.ParentRunner$1.schedule(ParentRunner.java:63)\r\n\tat org.junit.runners.ParentRunner.runChildren(ParentRunner.java:236)\r\n\tat org.junit.runners.ParentRunner.access$000(ParentRunner.java:53)\r\n\tat org.junit.runners.ParentRunner$2.evaluate(ParentRunner.java:229)\r\n\tat org.junit.runners.ParentRunner.run(ParentRunner.java:309)\r\n\tat cucumber.api.junit.Cucumber.run(Cucumber.java:98)\r\n\tat org.junit.runner.JUnitCore.run(JUnitCore.java:160)\r\n\tat org.junit.runner.JUnitCore.run(JUnitCore.java:138)\r\n\tat org.testng.junit.JUnit4TestRunner.start(JUnit4TestRunner.java:82)\r\n\tat org.testng.junit.JUnit4TestRunner.run(JUnit4TestRunner.java:70)\r\n\tat org.testng.TestRunner$1.run(TestRunner.java:570)\r\n\tat org.testng.TestRunner.runJUnitWorkers(TestRunner.java:717)\r\n\tat org.testng.TestRunner.privateRunJUnit(TestRunner.java:601)\r\n\tat org.testng.TestRunner.run(TestRunner.java:502)\r\n\tat org.testng.SuiteRunner.runTest(SuiteRunner.java:455)\r\n\tat org.testng.SuiteRunner.runSequentially(SuiteRunner.java:450)\r\n\tat org.testng.SuiteRunner.privateRun(SuiteRunner.java:415)\r\n\tat org.testng.SuiteRunner.run(SuiteRunner.java:364)\r\n\tat org.testng.SuiteRunnerWorker.runSuite(SuiteRunnerWorker.java:52)\r\n\tat org.testng.SuiteRunnerWorker.run(SuiteRunnerWorker.java:84)\r\n\tat org.testng.TestNG.runSuitesSequentially(TestNG.java:1208)\r\n\tat org.testng.TestNG.runSuitesLocally(TestNG.java:1137)\r\n\tat org.testng.TestNG.runSuites(TestNG.java:1049)\r\n\tat org.testng.TestNG.run(TestNG.java:1017)\r\n\tat org.apache.maven.surefire.testng.TestNGExecutor.run(TestNGExecutor.java:115)\r\n\tat org.apache.maven.surefire.testng.TestNGDirectoryTestSuite.executeSingleClass(TestNGDirectoryTestSuite.java:129)\r\n\tat org.apache.maven.surefire.testng.TestNGDirectoryTestSuite.execute(TestNGDirectoryTestSuite.java:113)\r\n\tat org.apache.maven.surefire.testng.TestNGProvider.invoke(TestNGProvider.java:111)\r\n\tat org.apache.maven.surefire.booter.ForkedBooter.invokeProviderInSameClassLoader(ForkedBooter.java:203)\r\n\tat org.apache.maven.surefire.booter.ForkedBooter.runSuitesInProcess(ForkedBooter.java:155)\r\n\tat org.apache.maven.surefire.booter.ForkedBooter.main(ForkedBooter.java:103)\r\n",
              "status": "failed"
            },
            "match": {
              "location": "HomePageTest.setUp()"
            }
          }
        ],
        "line": 67,
        "name": "Negative login test with blank email address and blank password",
        "description": "",
        "id": "log-in-button-must-be-visible-\u0026-functional-in-homepage;negative-login-test-with-blank-email-address-and-blank-password",
        "after": [
          {
            "result": {
              "duration": 597792300,
              "status": "passed"
            },
            "match": {
              "location": "HomePageTest.tearDown()"
            }
          }
        ],
        "type": "scenario",
        "keyword": "Scenario",
        "steps": [
          {
            "result": {
              "status": "skipped"
            },
            "line": 68,
            "name": "user enters url",
            "match": {
              "location": "HomePageTest.user_enters_url()"
            },
            "keyword": "Given "
          },
          {
            "result": {
              "status": "skipped"
            },
            "line": 69,
            "name": "user clicks login button1",
            "match": {
              "location": "HomePageTest.user_clicks_login_button1()"
            },
            "keyword": "And "
          },
          {
            "result": {
              "status": "skipped"
            },
            "line": 70,
            "name": "user leaves email address and password section blank",
            "match": {
              "location": "HomePageTest.user_leaves_email_address_and_password_section_blank()"
            },
            "keyword": "When "
          },
          {
            "result": {
              "status": "skipped"
            },
            "line": 71,
            "name": "user clicks Signin button",
            "match": {
              "location": "HomePageTest.user_clicks_Signin_button()"
            },
            "keyword": "And "
          },
          {
            "result": {
              "status": "skipped"
            },
            "line": 72,
            "name": "user should not be allowed to login with no email address and no password",
            "match": {
              "location": "HomePageTest.user_should_not_be_allowed_to_login_with_no_email_address_and_no_password()"
            },
            "keyword": "Then "
          }
        ]
      },
      {
        "before": [
          {
            "result": {
              "duration": 36160813900,
              "error_message": "org.openqa.selenium.WebDriverException: chrome not reachable\n  (Session info: chrome\u003d81.0.4044.138)\nBuild info: version: \u00273.11.0\u0027, revision: \u0027e59cfb3\u0027, time: \u00272018-03-11T20:26:55.152Z\u0027\nSystem info: host: \u0027USER\u0027, ip: \u0027192.168.0.102\u0027, os.name: \u0027Windows 10\u0027, os.arch: \u0027amd64\u0027, os.version: \u002710.0\u0027, java.version: \u00271.8.0_211\u0027\nDriver info: org.openqa.selenium.chrome.ChromeDriver\nCapabilities {acceptInsecureCerts: false, browserName: chrome, browserVersion: 81.0.4044.138, chrome: {chromedriverVersion: 81.0.4044.69 (6813546031a4b..., userDataDir: C:\\Users\\User\\AppData\\Local...}, goog:chromeOptions: {debuggerAddress: localhost:60398}, javascriptEnabled: true, networkConnectionEnabled: false, pageLoadStrategy: normal, platform: WINDOWS, platformName: WINDOWS, proxy: Proxy(), setWindowRect: true, strictFileInteractability: false, timeouts: {implicit: 0, pageLoad: 300000, script: 30000}, unhandledPromptBehavior: dismiss and notify, webauthn:virtualAuthenticators: true}\nSession ID: d3990b59141b7ac1cd816e9d35116f13\r\n\tat sun.reflect.NativeConstructorAccessorImpl.newInstance0(Native Method)\r\n\tat sun.reflect.NativeConstructorAccessorImpl.newInstance(NativeConstructorAccessorImpl.java:62)\r\n\tat sun.reflect.DelegatingConstructorAccessorImpl.newInstance(DelegatingConstructorAccessorImpl.java:45)\r\n\tat java.lang.reflect.Constructor.newInstance(Constructor.java:423)\r\n\tat org.openqa.selenium.remote.http.W3CHttpResponseCodec.createException(W3CHttpResponseCodec.java:187)\r\n\tat org.openqa.selenium.remote.http.W3CHttpResponseCodec.decode(W3CHttpResponseCodec.java:122)\r\n\tat org.openqa.selenium.remote.http.W3CHttpResponseCodec.decode(W3CHttpResponseCodec.java:49)\r\n\tat org.openqa.selenium.remote.HttpCommandExecutor.execute(HttpCommandExecutor.java:158)\r\n\tat org.openqa.selenium.remote.service.DriverCommandExecutor.execute(DriverCommandExecutor.java:83)\r\n\tat org.openqa.selenium.remote.RemoteWebDriver.execute(RemoteWebDriver.java:545)\r\n\tat org.openqa.selenium.remote.RemoteWebDriver.execute(RemoteWebDriver.java:602)\r\n\tat org.openqa.selenium.remote.RemoteWebDriver$RemoteWebDriverOptions.deleteAllCookies(RemoteWebDriver.java:687)\r\n\tat com.qa.base.TestBase.initialization(TestBase.java:60)\r\n\tat com.qa.test.HomePageTest.setUp(HomePageTest.java:27)\r\n\tat sun.reflect.NativeMethodAccessorImpl.invoke0(Native Method)\r\n\tat sun.reflect.NativeMethodAccessorImpl.invoke(NativeMethodAccessorImpl.java:62)\r\n\tat sun.reflect.DelegatingMethodAccessorImpl.invoke(DelegatingMethodAccessorImpl.java:43)\r\n\tat java.lang.reflect.Method.invoke(Method.java:498)\r\n\tat cucumber.runtime.Utils$1.call(Utils.java:37)\r\n\tat cucumber.runtime.Timeout.timeout(Timeout.java:13)\r\n\tat cucumber.runtime.Utils.invoke(Utils.java:31)\r\n\tat cucumber.runtime.java.JavaHookDefinition.execute(JavaHookDefinition.java:60)\r\n\tat cucumber.runtime.Runtime.runHookIfTagsMatch(Runtime.java:223)\r\n\tat cucumber.runtime.Runtime.runHooks(Runtime.java:211)\r\n\tat cucumber.runtime.Runtime.runBeforeHooks(Runtime.java:201)\r\n\tat cucumber.runtime.model.CucumberScenario.run(CucumberScenario.java:40)\r\n\tat cucumber.runtime.junit.ExecutionUnitRunner.run(ExecutionUnitRunner.java:91)\r\n\tat cucumber.runtime.junit.FeatureRunner.runChild(FeatureRunner.java:63)\r\n\tat cucumber.runtime.junit.FeatureRunner.runChild(FeatureRunner.java:18)\r\n\tat org.junit.runners.ParentRunner$3.run(ParentRunner.java:238)\r\n\tat org.junit.runners.ParentRunner$1.schedule(ParentRunner.java:63)\r\n\tat org.junit.runners.ParentRunner.runChildren(ParentRunner.java:236)\r\n\tat org.junit.runners.ParentRunner.access$000(ParentRunner.java:53)\r\n\tat org.junit.runners.ParentRunner$2.evaluate(ParentRunner.java:229)\r\n\tat org.junit.runners.ParentRunner.run(ParentRunner.java:309)\r\n\tat cucumber.runtime.junit.FeatureRunner.run(FeatureRunner.java:70)\r\n\tat cucumber.api.junit.Cucumber.runChild(Cucumber.java:93)\r\n\tat cucumber.api.junit.Cucumber.runChild(Cucumber.java:37)\r\n\tat org.junit.runners.ParentRunner$3.run(ParentRunner.java:238)\r\n\tat org.junit.runners.ParentRunner$1.schedule(ParentRunner.java:63)\r\n\tat org.junit.runners.ParentRunner.runChildren(ParentRunner.java:236)\r\n\tat org.junit.runners.ParentRunner.access$000(ParentRunner.java:53)\r\n\tat org.junit.runners.ParentRunner$2.evaluate(ParentRunner.java:229)\r\n\tat org.junit.runners.ParentRunner.run(ParentRunner.java:309)\r\n\tat cucumber.api.junit.Cucumber.run(Cucumber.java:98)\r\n\tat org.junit.runner.JUnitCore.run(JUnitCore.java:160)\r\n\tat org.junit.runner.JUnitCore.run(JUnitCore.java:138)\r\n\tat org.testng.junit.JUnit4TestRunner.start(JUnit4TestRunner.java:82)\r\n\tat org.testng.junit.JUnit4TestRunner.run(JUnit4TestRunner.java:70)\r\n\tat org.testng.TestRunner$1.run(TestRunner.java:570)\r\n\tat org.testng.TestRunner.runJUnitWorkers(TestRunner.java:717)\r\n\tat org.testng.TestRunner.privateRunJUnit(TestRunner.java:601)\r\n\tat org.testng.TestRunner.run(TestRunner.java:502)\r\n\tat org.testng.SuiteRunner.runTest(SuiteRunner.java:455)\r\n\tat org.testng.SuiteRunner.runSequentially(SuiteRunner.java:450)\r\n\tat org.testng.SuiteRunner.privateRun(SuiteRunner.java:415)\r\n\tat org.testng.SuiteRunner.run(SuiteRunner.java:364)\r\n\tat org.testng.SuiteRunnerWorker.runSuite(SuiteRunnerWorker.java:52)\r\n\tat org.testng.SuiteRunnerWorker.run(SuiteRunnerWorker.java:84)\r\n\tat org.testng.TestNG.runSuitesSequentially(TestNG.java:1208)\r\n\tat org.testng.TestNG.runSuitesLocally(TestNG.java:1137)\r\n\tat org.testng.TestNG.runSuites(TestNG.java:1049)\r\n\tat org.testng.TestNG.run(TestNG.java:1017)\r\n\tat org.apache.maven.surefire.testng.TestNGExecutor.run(TestNGExecutor.java:115)\r\n\tat org.apache.maven.surefire.testng.TestNGDirectoryTestSuite.executeSingleClass(TestNGDirectoryTestSuite.java:129)\r\n\tat org.apache.maven.surefire.testng.TestNGDirectoryTestSuite.execute(TestNGDirectoryTestSuite.java:113)\r\n\tat org.apache.maven.surefire.testng.TestNGProvider.invoke(TestNGProvider.java:111)\r\n\tat org.apache.maven.surefire.booter.ForkedBooter.invokeProviderInSameClassLoader(ForkedBooter.java:203)\r\n\tat org.apache.maven.surefire.booter.ForkedBooter.runSuitesInProcess(ForkedBooter.java:155)\r\n\tat org.apache.maven.surefire.booter.ForkedBooter.main(ForkedBooter.java:103)\r\n",
              "status": "failed"
            },
            "match": {
              "location": "HomePageTest.setUp()"
            }
          }
        ],
        "line": 74,
        "name": "Negative login test with invalid email address and valid password",
        "description": "",
        "id": "log-in-button-must-be-visible-\u0026-functional-in-homepage;negative-login-test-with-invalid-email-address-and-valid-password",
        "after": [
          {
            "result": {
              "duration": 581754800,
              "status": "passed"
            },
            "match": {
              "location": "HomePageTest.tearDown()"
            }
          }
        ],
        "type": "scenario",
        "keyword": "Scenario",
        "steps": [
          {
            "result": {
              "status": "skipped"
            },
            "line": 75,
            "name": "user enters url",
            "match": {
              "location": "HomePageTest.user_enters_url()"
            },
            "keyword": "Given "
          },
          {
            "result": {
              "status": "skipped"
            },
            "line": 76,
            "name": "user clicks login button1",
            "match": {
              "location": "HomePageTest.user_clicks_login_button1()"
            },
            "keyword": "And "
          },
          {
            "result": {
              "status": "skipped"
            },
            "line": 77,
            "name": "user enters invalid email address but valid password",
            "match": {
              "location": "HomePageTest.user_enters_invalid_email_address_but_valid_password()"
            },
            "keyword": "When "
          },
          {
            "result": {
              "status": "skipped"
            },
            "line": 78,
            "name": "user clicks Signin button",
            "match": {
              "location": "HomePageTest.user_clicks_Signin_button()"
            },
            "keyword": "And "
          },
          {
            "result": {
              "status": "skipped"
            },
            "line": 79,
            "name": "user should not be allowed to login with invalid email address and valid password",
            "match": {
              "location": "HomePageTest.user_should_not_be_allowed_login_with_invalid_email_address_and_valid_password()"
            },
            "keyword": "Then "
          }
        ]
      }
    ],
    "name": "Log in Button must be visible \u0026 functional in Homepage",
    "description": "",
    "id": "log-in-button-must-be-visible-\u0026-functional-in-homepage",
    "keyword": "Feature",
    "uri": "HomePageTest.feature",
    "tags": [
      {
        "line": 19,
        "name": "@tag"
      }
    ]
  }
]